<?xml version="1.0" encoding="UTF-8"?>
<!-- Generated by org.testng.reporters.JUnitReportReporter -->
<testsuite hostname="vm-avd-hp2-665" failures="0" tests="1" name="com.qa.testscripts.TC_Scenario_001" time="8.227" errors="0" timestamp="2023-09-04T18:17:52 IST" skipped="0">
  <testcase classname="com.qa.testscripts.TC_Scenario_001" name="Scenario1" time="8.227"/>
  <system-out/>
</testsuite> <!-- com.qa.testscripts.TC_Scenario_001 -->
